time="2026-04-30 18:45:12" level=info msg="Logger initialised"
time="2026-04-30 18:47:17" level=info msg="Logger initialised"
time="2026-04-30 18:48:46" level=info msg="Logger initialised"
time="2026-04-30 18:48:46" level=info msg="Server running on port8080"
time="2026-04-30 20:46:52" level=info msg="Logger initialised"
time="2026-04-30 20:46:53" level=info msg="Server running on port8080"
time="2026-04-30 20:54:24" level=info msg="Logger initialised"
time="2026-04-30 20:54:24" level=info msg="Server running on port8080"
time="2026-04-30 20:57:16" level=info msg="Signup:hashin@gmail.com"
time="2026-04-30 20:57:23" level=info msg="OTP sent to hashin@gmail.com"
time="2026-04-30 21:09:45" level=error msg="Login failed:user not verified"
time="2026-04-30 21:12:03" level=info msg="Signup:rcbcsk854777@gmail.com"
time="2026-04-30 21:12:09" level=info msg="OTP sent to rcbcsk854777@gmail.com"
time="2026-04-30 21:16:59" level=warning msg="OTP failed:OTP expired"
time="2026-04-30 21:23:13" level=info msg="Signup:hanana@gmail.com"
time="2026-04-30 21:23:19" level=info msg="OTP sent to hanana@gmail.com"
time="2026-05-01 09:40:15" level=info msg="Logger initialised"
time="2026-05-01 09:40:15" level=info msg="Server running on port8080"
time="2026-05-01 09:46:03" level=info msg="Signup:shortsking8848@gmail.com"
time="2026-05-01 09:46:10" level=info msg="OTP sent to shortsking8848@gmail.com"
time="2026-05-01 09:47:02" level=warning msg="OTP failed:OTP expired or session not found"
time="2026-05-01 10:03:35" level=info msg="Logger initialised"
time="2026-05-01 10:03:35" level=info msg="Server running on port8080"
time="2026-05-01 10:05:41" level=info msg="Signup:shortsking8848@gmail.com"
time="2026-05-01 10:05:48" level=error msg="Signup failed:failed to store session in Redis: dial tcp 127.0.0.1:6379: connectex: No connection could be made because the target machine actively refused it."
time="2026-05-01 10:17:25" level=info msg="Signup:shortsking8848@gmail.com"
time="2026-05-01 10:17:29" level=info msg="OTP sent to shortsking8848@gmail.com"
time="2026-05-01 10:19:00" level=warning msg="OTP failed:OTP expired or session not found"
time="2026-05-01 10:43:43" level=info msg="Signup:testuser@example.com"
time="2026-05-01 10:43:48" level=info msg="OTP sent to testuser@example.com"
